2025-05-22 20:22:53.716 [info] [main] Log level: Info
2025-05-22 20:22:53.716 [info] [main] Validating found git in: "git"
2025-05-22 20:22:53.716 [info] [main] Using git "2.49.0" from "git"
2025-05-22 20:22:53.716 [info] [Model][doInitialScan] Initial repository scan started
2025-05-22 20:22:53.716 [info] > git rev-parse --show-toplevel [9ms]
2025-05-22 20:22:53.716 [info] fatal: not a git repository (or any parent up to mount point /)
Stopping at filesystem boundary (GIT_DISCOVERY_ACROSS_FILESYSTEM not set).
2025-05-22 20:22:53.716 [info] [Model][doInitialScan] Initial repository scan completed - repositories (0), closed repositories (0), parent repositories (0), unsafe repositories (0)
2025-05-22 20:23:48.835 [info] > git rev-parse --show-toplevel [5ms]
2025-05-22 20:23:48.835 [info] fatal: not a git repository (or any parent up to mount point /)
Stopping at filesystem boundary (GIT_DISCOVERY_ACROSS_FILESYSTEM not set).
2025-05-22 20:25:00.403 [info] > git rev-parse --show-toplevel [4ms]
2025-05-22 20:25:00.403 [info] fatal: not a git repository (or any parent up to mount point /)
Stopping at filesystem boundary (GIT_DISCOVERY_ACROSS_FILESYSTEM not set).
2025-05-22 20:26:02.099 [info] > git rev-parse --show-toplevel [4ms]
2025-05-22 20:26:02.099 [info] fatal: not a git repository (or any parent up to mount point /)
Stopping at filesystem boundary (GIT_DISCOVERY_ACROSS_FILESYSTEM not set).
2025-05-22 20:26:13.845 [info] > git rev-parse --show-toplevel [3ms]
2025-05-22 20:26:13.846 [info] fatal: not a git repository (or any parent up to mount point /)
Stopping at filesystem boundary (GIT_DISCOVERY_ACROSS_FILESYSTEM not set).
